<?xml version="1.0" encoding="UTF-8"?>
<coverage generated="1592940429502" clover="3.2.0">
  <project timestamp="1592940429503" name="All files">
    <metrics statements="8" coveredstatements="6" conditionals="4" coveredconditionals="1" methods="5" coveredmethods="3" elements="17" coveredelements="10" complexity="0" loc="8" ncloc="8" packages="1" files="3" classes="3"/>
    <file name="App.jsx" path="/Users/jinyeongpark/Documents/0_HRSF128_may/W6_FEC/carousel-service/react-client/src/components/App.jsx">
      <metrics statements="3" coveredstatements="3" conditionals="0" coveredconditionals="0" methods="2" coveredmethods="2"/>
      <line num="8" count="1" type="stmt"/>
      <line num="9" count="1" type="stmt"/>
      <line num="97" count="1" type="stmt"/>
    </file>
    <file name="ImageContainer.jsx" path="/Users/jinyeongpark/Documents/0_HRSF128_may/W6_FEC/carousel-service/react-client/src/components/ImageContainer.jsx">
      <metrics statements="3" coveredstatements="1" conditionals="2" coveredconditionals="0" methods="2" coveredmethods="0"/>
      <line num="5" count="1" type="stmt"/>
      <line num="7" count="0" type="stmt"/>
      <line num="10" count="0" type="stmt"/>
    </file>
    <file name="ImageItem.jsx" path="/Users/jinyeongpark/Documents/0_HRSF128_may/W6_FEC/carousel-service/react-client/src/components/ImageItem.jsx">
      <metrics statements="2" coveredstatements="2" conditionals="2" coveredconditionals="1" methods="1" coveredmethods="1"/>
      <line num="4" count="2" type="stmt"/>
      <line num="6" count="1" type="stmt"/>
    </file>
  </project>
</coverage>
