{"/Users/jinyeongpark/Documents/0_HRSF128_may/W6_FEC/carousel-service/react-client/src/components/App.jsx": {"path":"/Users/jinyeongpark/Documents/0_HRSF128_may/W6_FEC/carousel-service/react-client/src/components/App.jsx","statementMap":{"0":{"start":{"line":8,"column":4},"end":{"line":8,"column":17}},"1":{"start":{"line":9,"column":4},"end":{"line":92,"column":5}},"2":{"start":{"line":97,"column":4},"end":{"line":106,"column":6}}},"fnMap":{"0":{"name":"(anonymous_0)","decl":{"start":{"line":7,"column":2},"end":{"line":7,"column":3}},"loc":{"start":{"line":7,"column":21},"end":{"line":94,"column":3}},"line":7},"1":{"name":"(anonymous_1)","decl":{"start":{"line":96,"column":2},"end":{"line":96,"column":3}},"loc":{"start":{"line":96,"column":11},"end":{"line":107,"column":3}},"line":96}},"branchMap":{},"s":{"0":1,"1":1,"2":1},"f":{"0":1,"1":1},"b":{},"_coverageSchema":"43e27e138ebf9cfc5966b082cf9a028302ed4184","hash":"080b389ecbbc7b621e98b6138478f635d5e7920a"}
,"/Users/jinyeongpark/Documents/0_HRSF128_may/W6_FEC/carousel-service/react-client/src/components/ImageContainer.jsx": {"path":"/Users/jinyeongpark/Documents/0_HRSF128_may/W6_FEC/carousel-service/react-client/src/components/ImageContainer.jsx","statementMap":{"0":{"start":{"line":5,"column":23},"end":{"line":14,"column":1}},"1":{"start":{"line":7,"column":2},"end":{"line":13,"column":3}},"2":{"start":{"line":10,"column":10},"end":{"line":10,"column":47}}},"fnMap":{"0":{"name":"(anonymous_0)","decl":{"start":{"line":5,"column":23},"end":{"line":5,"column":24}},"loc":{"start":{"line":5,"column":36},"end":{"line":14,"column":1}},"line":5},"1":{"name":"(anonymous_1)","decl":{"start":{"line":9,"column":28},"end":{"line":9,"column":29}},"loc":{"start":{"line":10,"column":10},"end":{"line":10,"column":47}},"line":10}},"branchMap":{"0":{"loc":{"start":{"line":9,"column":9},"end":{"line":11,"column":9}},"type":"binary-expr","locations":[{"start":{"line":9,"column":9},"end":{"line":9,"column":14}},{"start":{"line":9,"column":18},"end":{"line":11,"column":9}}],"line":9}},"s":{"0":1,"1":0,"2":0},"f":{"0":0,"1":0},"b":{"0":[0,0]},"_coverageSchema":"43e27e138ebf9cfc5966b082cf9a028302ed4184","hash":"fa554372d426c22c1c71866cdb1ef38759c3280e"}
,"/Users/jinyeongpark/Documents/0_HRSF128_may/W6_FEC/carousel-service/react-client/src/components/ImageItem.jsx": {"path":"/Users/jinyeongpark/Documents/0_HRSF128_may/W6_FEC/carousel-service/react-client/src/components/ImageItem.jsx","statementMap":{"0":{"start":{"line":4,"column":18},"end":{"line":15,"column":1}},"1":{"start":{"line":6,"column":2},"end":{"line":14,"column":4}}},"fnMap":{"0":{"name":"(anonymous_0)","decl":{"start":{"line":4,"column":18},"end":{"line":4,"column":19}},"loc":{"start":{"line":4,"column":30},"end":{"line":15,"column":1}},"line":4}},"branchMap":{"0":{"loc":{"start":{"line":10,"column":14},"end":{"line":10,"column":66}},"type":"cond-expr","locations":[{"start":{"line":10,"column":29},"end":{"line":10,"column":46}},{"start":{"line":10,"column":49},"end":{"line":10,"column":66}}],"line":10}},"s":{"0":2,"1":1},"f":{"0":1},"b":{"0":[1,0]},"_coverageSchema":"43e27e138ebf9cfc5966b082cf9a028302ed4184","hash":"598d5cf40152585202d64acec7fff02577277526"}
}
