TN:
SF:/Users/jinyeongpark/Documents/0_HRSF128_may/W6_FEC/carousel-service/react-client/src/components/App.jsx
FN:7,(anonymous_0)
FN:96,(anonymous_1)
FNF:2
FNH:2
FNDA:1,(anonymous_0)
FNDA:1,(anonymous_1)
DA:8,1
DA:9,1
DA:97,1
LF:3
LH:3
BRF:0
BRH:0
end_of_record
TN:
SF:/Users/jinyeongpark/Documents/0_HRSF128_may/W6_FEC/carousel-service/react-client/src/components/ImageContainer.jsx
FN:5,(anonymous_0)
FN:9,(anonymous_1)
FNF:2
FNH:0
FNDA:0,(anonymous_0)
FNDA:0,(anonymous_1)
DA:5,1
DA:7,0
DA:10,0
LF:3
LH:1
BRDA:9,0,0,0
BRDA:9,0,1,0
BRF:2
BRH:0
end_of_record
TN:
SF:/Users/jinyeongpark/Documents/0_HRSF128_may/W6_FEC/carousel-service/react-client/src/components/ImageItem.jsx
FN:4,(anonymous_0)
FNF:1
FNH:1
FNDA:1,(anonymous_0)
DA:4,2
DA:6,1
LF:2
LH:2
BRDA:10,0,0,1
BRDA:10,0,1,0
BRF:2
BRH:1
end_of_record
